# JRE version: OpenJDK Runtime Environment (8.0_242-b01) (build 1.8.0_242-release-1644-b01)
# Java VM: OpenJDK 64-Bit Server VM (25.242-b01 mixed mode windows-amd64 compressed oops)
Heap:
 PSYoungGen      total 200704K, used 107096K [0x00000000d5580000, 0x00000000e3480000, 0x0000000100000000)
  eden space 173056K, 53% used [0x00000000d5580000,0x00000000db02e838,0x00000000dfe80000)
  from space 27648K, 51% used [0x00000000dfe80000,0x00000000e0c67b58,0x00000000e1980000)
  to   space 21504K, 0% used [0x00000000e1f80000,0x00000000e1f80000,0x00000000e3480000)
 ParOldGen       total 193024K, used 43950K [0x0000000080000000, 0x000000008bc80000, 0x00000000d5580000)
  object space 193024K, 22% used [0x0000000080000000,0x0000000082aebb88,0x000000008bc80000)
 Metaspace       used 105212K, capacity 109636K, committed 109864K, reserved 1144832K
  class space    used 13714K, capacity 14588K, committed 14640K, reserved 1048576K
GC Heap History (10 events):
Event: 9096.595 GC heap before
{Heap before GC invocations=19 (full 3):
 PSYoungGen      total 212992K, used 212979K [0x00000000d5580000, 0x00000000e4480000, 0x0000000100000000)
  eden space 190464K, 100% used [0x00000000d5580000,0x00000000e0f80000,0x00000000e0f80000)
  from space 22528K, 99% used [0x00000000e1580000,0x00000000e2b7cf40,0x00000000e2b80000)
  to   space 25600K, 0% used [0x00000000e2b80000,0x00000000e2b80000,0x00000000e4480000)
 ParOldGen       total 133632K, used 39317K [0x0000000080000000, 0x0000000088280000, 0x00000000d5580000)
  object space 133632K, 29% used [0x0000000080000000,0x0000000082665500,0x0000000088280000)
 Metaspace       used 88552K, capacity 92406K, committed 92720K, reserved 1130496K
  class space    used 11497K, capacity 12269K, committed 12336K, reserved 1048576K
Event: 9096.631 GC heap after
Heap after GC invocations=19 (full 3):
 PSYoungGen      total 203776K, used 16807K [0x00000000d5580000, 0x00000000e3e80000, 0x0000000100000000)
  eden space 184320K, 0% used [0x00000000d5580000,0x00000000d5580000,0x00000000e0980000)
  from space 19456K, 86% used [0x00000000e2b80000,0x00000000e3be9f48,0x00000000e3e80000)
  to   space 27136K, 0% used [0x00000000e0980000,0x00000000e0980000,0x00000000e2400000)
 ParOldGen       total 133632K, used 54727K [0x0000000080000000, 0x0000000088280000, 0x00000000d5580000)
  object space 133632K, 40% used [0x0000000080000000,0x0000000083571e38,0x0000000088280000)
 Metaspace       used 88552K, capacity 92406K, committed 92720K, reserved 1130496K
  class space    used 11497K, capacity 12269K, committed 12336K, reserved 1048576K
}
Event: 9105.269 GC heap before
{Heap before GC invocations=20 (full 3):
 PSYoungGen      total 203776K, used 201127K [0x00000000d5580000, 0x00000000e3e80000, 0x0000000100000000)
  eden space 184320K, 100% used [0x00000000d5580000,0x00000000e0980000,0x00000000e0980000)
  from space 19456K, 86% used [0x00000000e2b80000,0x00000000e3be9f48,0x00000000e3e80000)
  to   space 27136K, 0% used [0x00000000e0980000,0x00000000e0980000,0x00000000e2400000)
 ParOldGen       total 133632K, used 54727K [0x0000000080000000, 0x0000000088280000, 0x00000000d5580000)
  object space 133632K, 40% used [0x0000000080000000,0x0000000083571e38,0x0000000088280000)
 Metaspace       used 91786K, capacity 95674K, committed 95920K, reserved 1132544K
  class space    used 11887K, capacity 12665K, committed 12720K, reserved 1048576K
Event: 9105.295 GC heap after
Heap after GC invocations=20 (full 3):
 PSYoungGen      total 198144K, used 18973K [0x00000000d5580000, 0x00000000e3b00000, 0x0000000100000000)
  eden space 178688K, 0% used [0x00000000d5580000,0x00000000d5580000,0x00000000e0400000)
  from space 19456K, 97% used [0x00000000e0980000,0x00000000e1c075c0,0x00000000e1c80000)
  to   space 28160K, 0% used [0x00000000e1f80000,0x00000000e1f80000,0x00000000e3b00000)
 ParOldGen       total 133632K, used 54735K [0x0000000080000000, 0x0000000088280000, 0x00000000d5580000)
  object space 133632K, 40% used [0x0000000080000000,0x0000000083573e38,0x0000000088280000)
 Metaspace       used 91786K, capacity 95674K, committed 95920K, reserved 1132544K
  class space    used 11887K, capacity 12665K, committed 12720K, reserved 1048576K
}
Event: 9107.311 GC heap before
{Heap before GC invocations=21 (full 3):
 PSYoungGen      total 198144K, used 140613K [0x00000000d5580000, 0x00000000e3b00000, 0x0000000100000000)
  eden space 178688K, 68% used [0x00000000d5580000,0x00000000dcc49fa8,0x00000000e0400000)
  from space 19456K, 97% used [0x00000000e0980000,0x00000000e1c075c0,0x00000000e1c80000)
  to   space 28160K, 0% used [0x00000000e1f80000,0x00000000e1f80000,0x00000000e3b00000)
 ParOldGen       total 133632K, used 54735K [0x0000000080000000, 0x0000000088280000, 0x00000000d5580000)
  object space 133632K, 40% used [0x0000000080000000,0x0000000083573e38,0x0000000088280000)
 Metaspace       used 94438K, capacity 98356K, committed 98600K, reserved 1134592K
  class space    used 12288K, capacity 13098K, committed 13104K, reserved 1048576K
Event: 9107.335 GC heap after
Heap after GC invocations=21 (full 3):
 PSYoungGen      total 194560K, used 16195K [0x00000000d5580000, 0x00000000e3480000, 0x0000000100000000)
  eden space 173056K, 0% used [0x00000000d5580000,0x00000000d5580000,0x00000000dfe80000)
  from space 21504K, 75% used [0x00000000e1f80000,0x00000000e2f50ea0,0x00000000e3480000)
  to   space 27648K, 0% used [0x00000000dfe80000,0x00000000dfe80000,0x00000000e1980000)
 ParOldGen       total 133632K, used 54743K [0x0000000080000000, 0x0000000088280000, 0x00000000d5580000)
  object space 133632K, 40% used [0x0000000080000000,0x0000000083575e38,0x0000000088280000)
 Metaspace       used 94438K, capacity 98356K, committed 98600K, reserved 1134592K
  class space    used 12288K, capacity 13098K, committed 13104K, reserved 1048576K
}
Event: 9107.339 GC heap before
{Heap before GC invocations=22 (full 4):
 PSYoungGen      total 194560K, used 16195K [0x00000000d5580000, 0x00000000e3480000, 0x0000000100000000)
  eden space 173056K, 0% used [0x00000000d5580000,0x00000000d5580000,0x00000000dfe80000)
  from space 21504K, 75% used [0x00000000e1f80000,0x00000000e2f50ea0,0x00000000e3480000)
  to   space 27648K, 0% used [0x00000000dfe80000,0x00000000dfe80000,0x00000000e1980000)
 ParOldGen       total 133632K, used 54743K [0x0000000080000000, 0x0000000088280000, 0x00000000d5580000)
  object space 133632K, 40% used [0x0000000080000000,0x0000000083575e38,0x0000000088280000)
 Metaspace       used 94438K, capacity 98356K, committed 98600K, reserved 1134592K
  class space    used 12288K, capacity 13098K, committed 13104K, reserved 1048576K
Event: 9108.143 GC heap after
Heap after GC invocations=22 (full 4):
 PSYoungGen      total 194560K, used 0K [0x00000000d5580000, 0x00000000e3480000, 0x0000000100000000)
  eden space 173056K, 0% used [0x00000000d5580000,0x00000000d5580000,0x00000000dfe80000)
  from space 21504K, 0% used [0x00000000e1f80000,0x00000000e1f80000,0x00000000e3480000)
  to   space 27648K, 0% used [0x00000000dfe80000,0x00000000dfe80000,0x00000000e1980000)
 ParOldGen       total 193024K, used 43942K [0x0000000080000000, 0x000000008bc80000, 0x00000000d5580000)
  object space 193024K, 22% used [0x0000000080000000,0x0000000082ae9b88,0x000000008bc80000)
 Metaspace       used 93579K, capacity 96836K, committed 98600K, reserved 1134592K
  class space    used 12123K, capacity 12798K, committed 13104K, reserved 1048576K
}
Event: 9115.982 GC heap before
{Heap before GC invocations=23 (full 4):
 PSYoungGen      total 194560K, used 173056K [0x00000000d5580000, 0x00000000e3480000, 0x0000000100000000)
  eden space 173056K, 100% used [0x00000000d5580000,0x00000000dfe80000,0x00000000dfe80000)
  from space 21504K, 0% used [0x00000000e1f80000,0x00000000e1f80000,0x00000000e3480000)
  to   space 27648K, 0% used [0x00000000dfe80000,0x00000000dfe80000,0x00000000e1980000)
 ParOldGen       total 193024K, used 43942K [0x0000000080000000, 0x000000008bc80000, 0x00000000d5580000)
  object space 193024K, 22% used [0x0000000080000000,0x0000000082ae9b88,0x000000008bc80000)
 Metaspace       used 98264K, capacity 101866K, committed 102952K, reserved 1138688K
  class space    used 12680K, capacity 13399K, committed 13616K, reserved 1048576K
Event: 9116.061 GC heap after
Heap after GC invocations=23 (full 4):
 PSYoungGen      total 200704K, used 14238K [0x00000000d5580000, 0x00000000e3480000, 0x0000000100000000)
  eden space 173056K, 0% used [0x00000000d5580000,0x00000000d5580000,0x00000000dfe80000)
  from space 27648K, 51% used [0x00000000dfe80000,0x00000000e0c67b58,0x00000000e1980000)
  to   space 21504K, 0% used [0x00000000e1f80000,0x00000000e1f80000,0x00000000e3480000)
 ParOldGen       total 193024K, used 43950K [0x0000000080000000, 0x000000008bc80000, 0x00000000d5580000)
  object space 193024K, 22% used [0x0000000080000000,0x0000000082aebb88,0x000000008bc80000)
 Metaspace       used 98264K, capacity 101866K, committed 102952K, reserved 1138688K
  class space    used 12680K, capacity 13399K, committed 13616K, reserved 1048576K
}

