# JRE version: OpenJDK Runtime Environment (8.0_242-b01) (build 1.8.0_242-release-1644-b01)
# Java VM: OpenJDK 64-Bit Server VM (25.242-b01 mixed mode windows-amd64 compressed oops)
Heap:
 PSYoungGen      total 299520K, used 11022K [0x00000000d5580000, 0x00000000e8e00000, 0x0000000100000000)
  eden space 278528K, 0% used [0x00000000d5580000,0x00000000d5679738,0x00000000e6580000)
  from space 20992K, 47% used [0x00000000e7980000,0x00000000e834a388,0x00000000e8e00000)
  to   space 20480K, 0% used [0x00000000e6580000,0x00000000e6580000,0x00000000e7980000)
 ParOldGen       total 126976K, used 48643K [0x0000000080000000, 0x0000000087c00000, 0x00000000d5580000)
  object space 126976K, 38% used [0x0000000080000000,0x0000000082f80eb0,0x0000000087c00000)
 Metaspace       used 70759K, capacity 74396K, committed 74416K, reserved 1114112K
  class space    used 9703K, capacity 10413K, committed 10416K, reserved 1048576K
GC Heap History (10 events):
Event: 19.116 GC heap after
Heap after GC invocations=14 (full 2):
 PSYoungGen      total 195072K, used 1829K [0x00000000d5580000, 0x00000000e4100000, 0x0000000100000000)
  eden space 176128K, 0% used [0x00000000d5580000,0x00000000d5580000,0x00000000e0180000)
  from space 18944K, 9% used [0x00000000e1480000,0x00000000e1649698,0x00000000e2700000)
  to   space 19456K, 0% used [0x00000000e0180000,0x00000000e0180000,0x00000000e1480000)
 ParOldGen       total 87040K, used 33507K [0x0000000080000000, 0x0000000085500000, 0x00000000d5580000)
  object space 87040K, 38% used [0x0000000080000000,0x00000000820b8f80,0x0000000085500000)
 Metaspace       used 57143K, capacity 59020K, committed 59160K, reserved 1099776K
  class space    used 7828K, capacity 8275K, committed 8368K, reserved 1048576K
}
Event: 19.116 GC heap before
{Heap before GC invocations=15 (full 3):
 PSYoungGen      total 195072K, used 1829K [0x00000000d5580000, 0x00000000e4100000, 0x0000000100000000)
  eden space 176128K, 0% used [0x00000000d5580000,0x00000000d5580000,0x00000000e0180000)
  from space 18944K, 9% used [0x00000000e1480000,0x00000000e1649698,0x00000000e2700000)
  to   space 19456K, 0% used [0x00000000e0180000,0x00000000e0180000,0x00000000e1480000)
 ParOldGen       total 87040K, used 33507K [0x0000000080000000, 0x0000000085500000, 0x00000000d5580000)
  object space 87040K, 38% used [0x0000000080000000,0x00000000820b8f80,0x0000000085500000)
 Metaspace       used 57143K, capacity 59020K, committed 59160K, reserved 1099776K
  class space    used 7828K, capacity 8275K, committed 8368K, reserved 1048576K
Event: 19.520 GC heap after
Heap after GC invocations=15 (full 3):
 PSYoungGen      total 195072K, used 0K [0x00000000d5580000, 0x00000000e4100000, 0x0000000100000000)
  eden space 176128K, 0% used [0x00000000d5580000,0x00000000d5580000,0x00000000e0180000)
  from space 18944K, 0% used [0x00000000e1480000,0x00000000e1480000,0x00000000e2700000)
  to   space 19456K, 0% used [0x00000000e0180000,0x00000000e0180000,0x00000000e1480000)
 ParOldGen       total 126976K, used 28289K [0x0000000080000000, 0x0000000087c00000, 0x00000000d5580000)
  object space 126976K, 22% used [0x0000000080000000,0x0000000081ba0680,0x0000000087c00000)
 Metaspace       used 57143K, capacity 59020K, committed 59160K, reserved 1099776K
  class space    used 7828K, capacity 8275K, committed 8368K, reserved 1048576K
}
Event: 23.071 GC heap before
{Heap before GC invocations=16 (full 3):
 PSYoungGen      total 195072K, used 176128K [0x00000000d5580000, 0x00000000e4100000, 0x0000000100000000)
  eden space 176128K, 100% used [0x00000000d5580000,0x00000000e0180000,0x00000000e0180000)
  from space 18944K, 0% used [0x00000000e1480000,0x00000000e1480000,0x00000000e2700000)
  to   space 19456K, 0% used [0x00000000e0180000,0x00000000e0180000,0x00000000e1480000)
 ParOldGen       total 126976K, used 28289K [0x0000000080000000, 0x0000000087c00000, 0x00000000d5580000)
  object space 126976K, 22% used [0x0000000080000000,0x0000000081ba0680,0x0000000087c00000)
 Metaspace       used 64004K, capacity 66922K, committed 67120K, reserved 1107968K
  class space    used 8823K, capacity 9444K, committed 9520K, reserved 1048576K
Event: 23.111 GC heap after
Heap after GC invocations=16 (full 3):
 PSYoungGen      total 195584K, used 19424K [0x00000000d5580000, 0x00000000e5b80000, 0x0000000100000000)
  eden space 176128K, 0% used [0x00000000d5580000,0x00000000d5580000,0x00000000e0180000)
  from space 19456K, 99% used [0x00000000e0180000,0x00000000e1478088,0x00000000e1480000)
  to   space 23552K, 0% used [0x00000000e4480000,0x00000000e4480000,0x00000000e5b80000)
 ParOldGen       total 126976K, used 31570K [0x0000000080000000, 0x0000000087c00000, 0x00000000d5580000)
  object space 126976K, 24% used [0x0000000080000000,0x0000000081ed4b28,0x0000000087c00000)
 Metaspace       used 64004K, capacity 66922K, committed 67120K, reserved 1107968K
  class space    used 8823K, capacity 9444K, committed 9520K, reserved 1048576K
}
Event: 25.742 GC heap before
{Heap before GC invocations=17 (full 3):
 PSYoungGen      total 195584K, used 195552K [0x00000000d5580000, 0x00000000e5b80000, 0x0000000100000000)
  eden space 176128K, 100% used [0x00000000d5580000,0x00000000e0180000,0x00000000e0180000)
  from space 19456K, 99% used [0x00000000e0180000,0x00000000e1478088,0x00000000e1480000)
  to   space 23552K, 0% used [0x00000000e4480000,0x00000000e4480000,0x00000000e5b80000)
 ParOldGen       total 126976K, used 31570K [0x0000000080000000, 0x0000000087c00000, 0x00000000d5580000)
  object space 126976K, 24% used [0x0000000080000000,0x0000000081ed4b28,0x0000000087c00000)
 Metaspace       used 69027K, capacity 72266K, committed 72368K, reserved 1112064K
  class space    used 9513K, capacity 10148K, committed 10160K, reserved 1048576K
Event: 25.811 GC heap after
Heap after GC invocations=17 (full 3):
 PSYoungGen      total 245248K, used 9545K [0x00000000d5580000, 0x00000000e5b00000, 0x0000000100000000)
  eden space 222208K, 0% used [0x00000000d5580000,0x00000000d5580000,0x00000000e2e80000)
  from space 23040K, 41% used [0x00000000e4480000,0x00000000e4dd27a8,0x00000000e5b00000)
  to   space 22528K, 0% used [0x00000000e2e80000,0x00000000e2e80000,0x00000000e4480000)
 ParOldGen       total 126976K, used 48635K [0x0000000080000000, 0x0000000087c00000, 0x00000000d5580000)
  object space 126976K, 38% used [0x0000000080000000,0x0000000082f7eeb0,0x0000000087c00000)
 Metaspace       used 69027K, capacity 72266K, committed 72368K, reserved 1112064K
  class space    used 9513K, capacity 10148K, committed 10160K, reserved 1048576K
}
Event: 27.488 GC heap before
{Heap before GC invocations=18 (full 3):
 PSYoungGen      total 245248K, used 231753K [0x00000000d5580000, 0x00000000e5b00000, 0x0000000100000000)
  eden space 222208K, 100% used [0x00000000d5580000,0x00000000e2e80000,0x00000000e2e80000)
  from space 23040K, 41% used [0x00000000e4480000,0x00000000e4dd27a8,0x00000000e5b00000)
  to   space 22528K, 0% used [0x00000000e2e80000,0x00000000e2e80000,0x00000000e4480000)
 ParOldGen       total 126976K, used 48635K [0x0000000080000000, 0x0000000087c00000, 0x00000000d5580000)
  object space 126976K, 38% used [0x0000000080000000,0x0000000082f7eeb0,0x0000000087c00000)
 Metaspace       used 70569K, capacity 74172K, committed 74416K, reserved 1114112K
  class space    used 9679K, capacity 10397K, committed 10416K, reserved 1048576K
Event: 27.509 GC heap after
Heap after GC invocations=18 (full 3):
 PSYoungGen      total 244736K, used 8870K [0x00000000d5580000, 0x00000000e8e80000, 0x0000000100000000)
  eden space 222208K, 0% used [0x00000000d5580000,0x00000000d5580000,0x00000000e2e80000)
  from space 22528K, 39% used [0x00000000e2e80000,0x00000000e3729ba8,0x00000000e4480000)
  to   space 21504K, 0% used [0x00000000e7980000,0x00000000e7980000,0x00000000e8e80000)
 ParOldGen       total 126976K, used 48643K [0x0000000080000000, 0x0000000087c00000, 0x00000000d5580000)
  object space 126976K, 38% used [0x0000000080000000,0x0000000082f80eb0,0x0000000087c00000)
 Metaspace       used 70569K, capacity 74172K, committed 74416K, reserved 1114112K
  class space    used 9679K, capacity 10397K, committed 10416K, reserved 1048576K
}
Event: 28.651 GC heap before
{Heap before GC invocations=19 (full 3):
 PSYoungGen      total 244736K, used 231078K [0x00000000d5580000, 0x00000000e8e80000, 0x0000000100000000)
  eden space 222208K, 100% used [0x00000000d5580000,0x00000000e2e80000,0x00000000e2e80000)
  from space 22528K, 39% used [0x00000000e2e80000,0x00000000e3729ba8,0x00000000e4480000)
  to   space 21504K, 0% used [0x00000000e7980000,0x00000000e7980000,0x00000000e8e80000)
 ParOldGen       total 126976K, used 48643K [0x0000000080000000, 0x0000000087c00000, 0x00000000d5580000)
  object space 126976K, 38% used [0x0000000080000000,0x0000000082f80eb0,0x0000000087c00000)
 Metaspace       used 70759K, capacity 74396K, committed 74416K, reserved 1114112K
  class space    used 9703K, capacity 10413K, committed 10416K, reserved 1048576K

